<?xml version="1.0" encoding="UTF-8"?>
<testng-results ignored="0" total="1" passed="1" failed="0" skipped="0">
  <reporter-output>
  </reporter-output>
  <suite started-at="2024-10-14T11:49:56 IST" name="Suite" finished-at="2024-10-14T11:50:02 IST" duration-ms="6093">
    <groups>
    </groups>
    <test started-at="2024-10-14T11:49:56 IST" name="Test" finished-at="2024-10-14T11:50:02 IST" duration-ms="6093">
      <class name="casestudy.MavenJenkinsTest">
        <test-method is-config="true" signature="OpenBrowser()[pri:0, instance:casestudy.MavenJenkinsTest@c267ef4]" started-at="2024-10-14T11:49:56 IST" name="OpenBrowser" finished-at="2024-10-14T11:49:56 IST" duration-ms="19" status="PASS">
          <reporter-output>
          </reporter-output>
        </test-method> <!-- OpenBrowser -->
        <test-method signature="getURL()[pri:0, instance:casestudy.MavenJenkinsTest@c267ef4]" started-at="2024-10-14T11:49:56 IST" name="getURL" finished-at="2024-10-14T11:50:02 IST" duration-ms="5679" status="PASS">
          <reporter-output>
          </reporter-output>
        </test-method> <!-- getURL -->
        <test-method is-config="true" signature="CloseBrowser()[pri:0, instance:casestudy.MavenJenkinsTest@c267ef4]" started-at="2024-10-14T11:50:02 IST" name="CloseBrowser" finished-at="2024-10-14T11:50:02 IST" duration-ms="327" status="PASS">
          <reporter-output>
          </reporter-output>
        </test-method> <!-- CloseBrowser -->
      </class> <!-- casestudy.MavenJenkinsTest -->
    </test> <!-- Test -->
  </suite> <!-- Suite -->
</testng-results>
