<?xml version="1.0" encoding="UTF-8"?>
<testng-results ignored="0" total="1" passed="1" failed="0" skipped="0">
  <reporter-output>
  </reporter-output>
  <suite started-at="2024-10-14T11:16:02 IST" name="Default suite" finished-at="2024-10-14T11:16:10 IST" duration-ms="7642">
    <groups>
    </groups>
    <test started-at="2024-10-14T11:16:02 IST" name="Default test" finished-at="2024-10-14T11:16:10 IST" duration-ms="7642">
      <class name="casestudy.SauceTest">
        <test-method is-config="true" signature="OpenBrowser()[pri:0, instance:casestudy.SauceTest@7714e963]" started-at="2024-10-14T11:16:02 IST" name="OpenBrowser" finished-at="2024-10-14T11:16:02 IST" duration-ms="15" status="PASS">
          <reporter-output>
          </reporter-output>
        </test-method> <!-- OpenBrowser -->
        <test-method signature="getURL()[pri:0, instance:casestudy.SauceTest@7714e963]" started-at="2024-10-14T11:16:02 IST" name="getURL" finished-at="2024-10-14T11:16:09 IST" duration-ms="7190" status="PASS">
          <reporter-output>
          </reporter-output>
        </test-method> <!-- getURL -->
        <test-method is-config="true" signature="CloseBrowser()[pri:0, instance:casestudy.SauceTest@7714e963]" started-at="2024-10-14T11:16:09 IST" name="CloseBrowser" finished-at="2024-10-14T11:16:10 IST" duration-ms="370" status="PASS">
          <reporter-output>
          </reporter-output>
        </test-method> <!-- CloseBrowser -->
      </class> <!-- casestudy.SauceTest -->
    </test> <!-- Default test -->
  </suite> <!-- Default suite -->
</testng-results>
