<?xml version="1.0" encoding="UTF-8"?>
<testng-results ignored="0" total="1" passed="1" failed="0" skipped="0">
  <reporter-output>
  </reporter-output>
  <suite started-at="2024-11-26T13:51:08 IST" name="Default suite" finished-at="2024-11-26T13:51:13 IST" duration-ms="5464">
    <groups>
    </groups>
    <test started-at="2024-11-26T13:51:08 IST" name="Default test" finished-at="2024-11-26T13:51:13 IST" duration-ms="5464">
      <class name="casestudy.MavenJenkinsTest">
        <test-method is-config="true" signature="OpenBrowser()[pri:0, instance:casestudy.MavenJenkinsTest@243c4f91]" started-at="2024-11-26T13:51:08 IST" name="OpenBrowser" finished-at="2024-11-26T13:51:08 IST" duration-ms="7" status="PASS">
          <reporter-output>
          </reporter-output>
        </test-method> <!-- OpenBrowser -->
        <test-method signature="getURL()[pri:0, instance:casestudy.MavenJenkinsTest@243c4f91]" started-at="2024-11-26T13:51:08 IST" name="getURL" finished-at="2024-11-26T13:51:13 IST" duration-ms="5252" status="PASS">
          <reporter-output>
          </reporter-output>
        </test-method> <!-- getURL -->
        <test-method is-config="true" signature="CloseBrowser()[pri:0, instance:casestudy.MavenJenkinsTest@243c4f91]" started-at="2024-11-26T13:51:13 IST" name="CloseBrowser" finished-at="2024-11-26T13:51:13 IST" duration-ms="175" status="PASS">
          <reporter-output>
          </reporter-output>
        </test-method> <!-- CloseBrowser -->
      </class> <!-- casestudy.MavenJenkinsTest -->
    </test> <!-- Default test -->
  </suite> <!-- Default suite -->
</testng-results>
